E:\科林视频\科林代码\21点游戏\21点游戏\DEBUG\CARD.OBJ
E:\科林视频\科林代码\21点游戏\21点游戏\DEBUG\DECK.OBJ
E:\科林视频\科林代码\21点游戏\21点游戏\DEBUG\GAME.OBJ
E:\科林视频\科林代码\21点游戏\21点游戏\DEBUG\GENERICPLAYER.OBJ
E:\科林视频\科林代码\21点游戏\21点游戏\DEBUG\HAND.OBJ
E:\科林视频\科林代码\21点游戏\21点游戏\DEBUG\HOUSE.OBJ
E:\科林视频\科林代码\21点游戏\21点游戏\DEBUG\MAIN.OBJ
E:\科林视频\科林代码\21点游戏\21点游戏\DEBUG\PLAYER.OBJ
E:\科林视频\科林代码\21点游戏\21点游戏\DEBUG\VC110.PDB
E:\科林视频\科林代码\21点游戏\DEBUG\21点游戏.ILK
E:\科林视频\科林代码\21点游戏\DEBUG\21点游戏.EXE
E:\科林视频\科林代码\21点游戏\DEBUG\21点游戏.PDB
E:\科林视频\科林代码\21点游戏\21点游戏\Debug\Card.obj
E:\科林视频\科林代码\21点游戏\21点游戏\Debug\Deck.obj
E:\科林视频\科林代码\21点游戏\21点游戏\Debug\Game.obj
E:\科林视频\科林代码\21点游戏\21点游戏\Debug\GenericPlayer.obj
E:\科林视频\科林代码\21点游戏\21点游戏\Debug\Hand.obj
E:\科林视频\科林代码\21点游戏\21点游戏\Debug\House.obj
E:\科林视频\科林代码\21点游戏\21点游戏\Debug\main.obj
E:\科林视频\科林代码\21点游戏\21点游戏\Debug\Player.obj
E:\科林视频\科林代码\21点游戏\21点游戏\Debug\cl.command.1.tlog
E:\科林视频\科林代码\21点游戏\21点游戏\Debug\CL.read.1.tlog
E:\科林视频\科林代码\21点游戏\21点游戏\Debug\CL.write.1.tlog
E:\科林视频\科林代码\21点游戏\21点游戏\Debug\link-cvtres.read.1.tlog
E:\科林视频\科林代码\21点游戏\21点游戏\Debug\link-cvtres.write.1.tlog
E:\科林视频\科林代码\21点游戏\21点游戏\Debug\link-rc.read.1.tlog
E:\科林视频\科林代码\21点游戏\21点游戏\Debug\link-rc.write.1.tlog
E:\科林视频\科林代码\21点游戏\21点游戏\Debug\link.6260-cvtres.read.1.tlog
E:\科林视频\科林代码\21点游戏\21点游戏\Debug\link.6260-cvtres.write.1.tlog
E:\科林视频\科林代码\21点游戏\21点游戏\Debug\link.6260-rc.read.1.tlog
E:\科林视频\科林代码\21点游戏\21点游戏\Debug\link.6260-rc.write.1.tlog
E:\科林视频\科林代码\21点游戏\21点游戏\Debug\link.6260.read.1.tlog
E:\科林视频\科林代码\21点游戏\21点游戏\Debug\link.6260.write.1.tlog
E:\科林视频\科林代码\21点游戏\21点游戏\Debug\link.command.1.tlog
E:\科林视频\科林代码\21点游戏\21点游戏\Debug\link.read.1.tlog
E:\科林视频\科林代码\21点游戏\21点游戏\Debug\link.write.1.tlog
E:\科林视频\科林代码\21点游戏\21点游戏\Debug\vc110.idb
E:\科林视频\科林代码\21点游戏\21点游戏\Debug\vc110.pdb
E:\科林视频\科林代码\21点游戏\Debug\21点游戏.pdb
E:\科林视频\科林代码\21点游戏\Debug\21点游戏.exe
E:\科林视频\科林代码\21点游戏\Debug\21点游戏.ilk
